<?xml version="1.0" encoding="UTF-8"?>
<!-- Generated by org.testng.reporters.JUnitReportReporter -->
<testsuite hostname="LAPTOP-9REF4ALR" failures="0" tests="1" name="hardAssert.AssertEquals" time="0.016" errors="0" timestamp="2023-02-13T15:02:43 IST" skipped="0">
  <testcase classname="hardAssert.AssertEquals" name="TC1" time="0.016"/>
  <system-out>
    <![CDATA[TC1 is Running]]>
  </system-out>
</testsuite> <!-- hardAssert.AssertEquals -->
