<?xml version="1.0" encoding="UTF-8"?>
<!-- Generated by org.testng.reporters.JUnitReportReporter -->
<testsuite hostname="LAPTOP-9REF4ALR" failures="0" tests="1" name="assert1.assertNotEquals" time="0.011" errors="0" timestamp="2022-12-13T09:01:13 IST" skipped="0">
  <testcase classname="assert1.assertNotEquals" name="TC1" time="0.011"/>
  <system-out>
    <![CDATA[TC2 is running]]>
  </system-out>
</testsuite> <!-- assert1.assertNotEquals -->
