<?xml version="1.0" encoding="UTF-8"?>
<!-- Generated by org.testng.reporters.JUnitReportReporter -->
<testsuite hostname="LAPTOP-9REF4ALR" failures="0" tests="7" name="pkg1.KeywordPriority" time="0.029" errors="0" timestamp="2022-12-14T16:14:36 IST" skipped="0">
  <testcase classname="pkg1.KeywordPriority" name="B" time="0.004"/>
  <system-out>
    <![CDATA[B is Running]]>
  </system-out>
  <testcase classname="pkg1.KeywordPriority" name="D" time="0.002"/>
  <system-out>
    <![CDATA[D is Running]]>
  </system-out>
  <testcase classname="pkg1.KeywordPriority" name="A" time="0.014"/>
  <system-out>
    <![CDATA[A is Running]]>
  </system-out>
  <testcase classname="pkg1.KeywordPriority" name="C" time="0.001"/>
  <system-out>
    <![CDATA[C is Running]]>
  </system-out>
  <testcase classname="pkg1.KeywordPriority" name="test" time="0.003"/>
  <system-out>
    <![CDATA[Test is Running]]>
  </system-out>
  <testcase classname="pkg1.KeywordPriority" name="test1" time="0.002"/>
  <system-out>
    <![CDATA[Test1 is Running]]>
  </system-out>
  <testcase classname="pkg1.KeywordPriority" name="test2" time="0.003"/>
  <system-out>
    <![CDATA[Test2 is Running]]>
  </system-out>
</testsuite> <!-- pkg1.KeywordPriority -->
