<?xml version="1.0" encoding="UTF-8"?>
<!-- Generated by org.testng.reporters.JUnitReportReporter -->
<testsuite hostname="LAPTOP-9REF4ALR" failures="0" tests="5" name="pkg1.KeyWordInvocationCount" time="0.004" errors="0" timestamp="2022-12-05T21:14:45 IST" skipped="0">
  <testcase classname="pkg1.KeyWordInvocationCount" name="TC1" time="0.000"/>
  <system-out>
    <![CDATA[TestCase1 Running--> invocationCount is used]]>
  </system-out>
  <testcase classname="pkg1.KeyWordInvocationCount" name="TC1" time="0.001"/>
  <system-out>
    <![CDATA[TestCase1 Running--> invocationCount is used]]>
  </system-out>
  <testcase classname="pkg1.KeyWordInvocationCount" name="TC1" time="0.001"/>
  <system-out>
    <![CDATA[TestCase1 Running--> invocationCount is used]]>
  </system-out>
  <testcase classname="pkg1.KeyWordInvocationCount" name="TC1" time="0.001"/>
  <system-out>
    <![CDATA[TestCase1 Running--> invocationCount is used]]>
  </system-out>
  <testcase classname="pkg1.KeyWordInvocationCount" name="TC1" time="0.001"/>
  <system-out>
    <![CDATA[TestCase1 Running--> invocationCount is used]]>
  </system-out>
</testsuite> <!-- pkg1.KeyWordInvocationCount -->
