<?xml version="1.0" encoding="UTF-8"?>
<!-- Generated by org.testng.reporters.JUnitReportReporter -->
<testsuite hostname="LAPTOP-9REF4ALR" failures="0" tests="2" name="pkg1.TestNgClass" time="0.013" errors="0" timestamp="2022-12-05T21:14:45 IST" skipped="0">
  <testcase classname="pkg1.TestNgClass" name="ValidPassword" time="0.007"/>
  <system-out>
    <![CDATA[Password Validation done --> @Test is used]]>
  </system-out>
  <testcase classname="pkg1.TestNgClass" name="ValidUserID" time="0.006"/>
  <system-out>
    <![CDATA[UserId Validation done--> @Test is used]]>
  </system-out>
</testsuite> <!-- pkg1.TestNgClass -->
