<?xml version="1.0" encoding="UTF-8"?>
<!-- Generated by org.testng.reporters.JUnitReportReporter -->
<testsuite hostname="LAPTOP-9REF4ALR" failures="0" tests="1" name="assert1.assertFalse" time="0.011" errors="0" timestamp="2022-12-13T09:23:25 IST" skipped="0">
  <testcase classname="assert1.assertFalse" name="TC4" time="0.011"/>
  <system-out>
    <![CDATA[TC4 is running]]>
  </system-out>
</testsuite> <!-- assert1.assertFalse -->
