<?xml version="1.0" encoding="UTF-8"?>
<!-- Generated by org.testng.reporters.JUnitReportReporter -->
<testsuite hostname="LAPTOP-9REF4ALR" failures="0" tests="3" name="pkg1.KeywordDependonMethod" time="0.005" errors="0" timestamp="2022-12-05T21:14:45 IST" skipped="0">
  <testcase classname="pkg1.KeywordDependonMethod" name="LogOut" time="0.002"/>
  <system-out>
    <![CDATA[Logout is Successfull]]>
  </system-out>
  <testcase classname="pkg1.KeywordDependonMethod" name="login" time="0.002"/>
  <system-out>
    <![CDATA[Login is successfull]]>
  </system-out>
  <testcase classname="pkg1.KeywordDependonMethod" name="verifypassword" time="0.001"/>
  <system-out>
    <![CDATA[Password is Varified]]>
  </system-out>
</testsuite> <!-- pkg1.KeywordDependonMethod -->
