<?xml version="1.0" encoding="UTF-8"?>
<!-- Generated by org.testng.reporters.JUnitReportReporter -->
<testsuite hostname="LAPTOP-9REF4ALR" failures="0" tests="1" name="hardAssert.AssertNotNull" time="0.013" errors="0" timestamp="2022-12-13T09:45:08 IST" skipped="0">
  <testcase classname="hardAssert.AssertNotNull" name="TC1" time="0.013"/>
  <system-out>
    <![CDATA[Test Case 1 is Running]]>
  </system-out>
</testsuite> <!-- hardAssert.AssertNotNull -->
