<?xml version="1.0" encoding="UTF-8"?>
<!-- Generated by org.testng.reporters.JUnitReportReporter -->
<testsuite hostname="LAPTOP-9REF4ALR" failures="0" tests="1" name="assert1.assertTrue" time="0.010" errors="0" timestamp="2022-12-13T09:16:02 IST" skipped="0">
  <testcase classname="assert1.assertTrue" name="TC1" time="0.010"/>
  <system-out>
    <![CDATA[TC3 is running]]>
  </system-out>
</testsuite> <!-- assert1.assertTrue -->
